[2026-03-23T08:07:32.396483+00:00] main.ERROR: {"feed":"undefined","operation":"undefined","status":"Cannot set indexer to Update On Schedule mode: Invalid entity_type specified: catalog_product","elapsed":"00:00:00 795 ms","pid":"53","caller":"bin\/magento setup:install --db-host=db --db-name=magento --db-user=magento --db-password=magento"} {"indexer":"catalogsearch_fulltext","exception":"[object] (Magento\\Framework\\Exception\\LocalizedException(code: 0): Invalid entity_type specified: catalog_product at /var/www/html/vendor/magento/module-eav/Model/Config.php:472)"} []
[2026-03-23T08:07:39.298884+00:00] main.INFO: {"feed":"salesOrders","operation":"full reindex(legacy)","status":"Initialize","elapsed":"00:00:00 600 ms","pid":"53","caller":"bin\/magento setup:install --db-host=db --db-name=magento --db-user=magento --db-password=magento"} [] []
[2026-03-23T08:07:39.324678+00:00] main.INFO: {"feed":"salesOrders","operation":"full reindex(legacy)","status":"Creating batch table `sales_data_exporter_orders_index_batches`. Start position: 0","elapsed":"00:00:00 625 ms","pid":"53","caller":"bin\/magento setup:install --db-host=db --db-name=magento --db-user=magento --db-password=magento"} [] []
[2026-03-23T08:07:39.343038+00:00] main.INFO: {"feed":"salesOrders","operation":"full reindex(legacy)","status":"Batch table `sales_data_exporter_orders_index_batches` created. Total Items: 0, batches: ~0","elapsed":"00:00:00 644 ms","pid":"53","caller":"bin\/magento setup:install --db-host=db --db-name=magento --db-user=magento --db-password=magento"} [] []
[2026-03-23T08:07:39.343243+00:00] main.INFO: {"feed":"salesOrders","operation":"full reindex(legacy)","status":"nothing to process - no items to sync. Not expected? Are there any items in source table `sales_order`?","elapsed":"00:00:00 644 ms","pid":"53","caller":"bin\/magento setup:install --db-host=db --db-name=magento --db-user=magento --db-password=magento"} [] []
[2026-03-23T08:07:39.346040+00:00] main.INFO: {"feed":"salesOrders","operation":"full reindex(legacy)","status":"Complete","elapsed":"00:00:00 647 ms","pid":"53","caller":"bin\/magento setup:install --db-host=db --db-name=magento --db-user=magento --db-password=magento"} [] []
[2026-03-23T08:07:39.360606+00:00] main.INFO: {"feed":"salesOrderStatuses","operation":"full reindex(legacy)","status":"Initialize","elapsed":"00:00:00 723 ms","pid":"53","caller":"bin\/magento setup:install --db-host=db --db-name=magento --db-user=magento --db-password=magento"} [] []
[2026-03-23T08:07:39.382643+00:00] main.INFO: {"feed":"salesOrderStatuses","operation":"full reindex(legacy)","status":"Creating batch table `sales_data_exporter_order_statuses_index_batches`. Start position: ","elapsed":"00:00:00 745 ms","pid":"53","caller":"bin\/magento setup:install --db-host=db --db-name=magento --db-user=magento --db-password=magento"} [] []
[2026-03-23T08:07:39.406728+00:00] main.INFO: {"feed":"salesOrderStatuses","operation":"full reindex(legacy)","status":"Batch table `sales_data_exporter_order_statuses_index_batches` created. Total Items: 12, batches: ~0","elapsed":"00:00:00 769 ms","pid":"53","caller":"bin\/magento setup:install --db-host=db --db-name=magento --db-user=magento --db-password=magento"} [] []
[2026-03-23T08:07:39.406954+00:00] main.INFO: {"feed":"salesOrderStatuses","operation":"full reindex(legacy)","status":"start processing `12` items in `1` threads with `100` batch size","elapsed":"00:00:00 769 ms","pid":"53","caller":"bin\/magento setup:install --db-host=db --db-name=magento --db-user=magento --db-password=magento"} [] []
[2026-03-23T08:07:39.424183+00:00] main.INFO: {"feed":"salesOrderStatuses","operation":"full reindex(legacy)","status":"Progress 1\/1, processed 12, synced 12","elapsed":"00:00:00 787 ms","pid":"53","caller":"bin\/magento setup:install --db-host=db --db-name=magento --db-user=magento --db-password=magento"} [] []
[2026-03-23T08:07:39.426736+00:00] main.INFO: {"feed":"salesOrderStatuses","operation":"full reindex(legacy)","status":"Complete","elapsed":"00:00:00 789 ms","pid":"53","caller":"bin\/magento setup:install --db-host=db --db-name=magento --db-user=magento --db-password=magento"} [] []
[2026-03-23T08:07:39.442424+00:00] main.INFO: {"feed":"stores","operation":"full reindex(legacy)","status":"Initialize","elapsed":"00:00:00 887 ms","pid":"53","caller":"bin\/magento setup:install --db-host=db --db-name=magento --db-user=magento --db-password=magento"} [] []
[2026-03-23T08:07:39.465179+00:00] main.INFO: {"feed":"stores","operation":"full reindex(legacy)","status":"Creating batch table `stores_data_exporter_index_batches`. Start position: 0","elapsed":"00:00:00 909 ms","pid":"53","caller":"bin\/magento setup:install --db-host=db --db-name=magento --db-user=magento --db-password=magento"} [] []
[2026-03-23T08:07:39.484355+00:00] main.INFO: {"feed":"stores","operation":"full reindex(legacy)","status":"Batch table `stores_data_exporter_index_batches` created. Total Items: 1, batches: ~0","elapsed":"00:00:00 929 ms","pid":"53","caller":"bin\/magento setup:install --db-host=db --db-name=magento --db-user=magento --db-password=magento"} [] []
[2026-03-23T08:07:39.484573+00:00] main.INFO: {"feed":"stores","operation":"full reindex(legacy)","status":"start processing `1` items in `1` threads with `100` batch size","elapsed":"00:00:00 929 ms","pid":"53","caller":"bin\/magento setup:install --db-host=db --db-name=magento --db-user=magento --db-password=magento"} [] []
[2026-03-23T08:07:39.491593+00:00] main.INFO: {"feed":"stores","operation":"full reindex(legacy)","status":"Progress 1\/1, processed 1, synced 1","elapsed":"00:00:00 936 ms","pid":"53","caller":"bin\/magento setup:install --db-host=db --db-name=magento --db-user=magento --db-password=magento"} [] []
[2026-03-23T08:07:39.493818+00:00] main.INFO: {"feed":"stores","operation":"full reindex(legacy)","status":"Complete","elapsed":"00:00:00 938 ms","pid":"53","caller":"bin\/magento setup:install --db-host=db --db-name=magento --db-user=magento --db-password=magento"} [] []
[2026-03-23T16:25:46.813434+00:00] main.INFO: {"feed":"salesOrders","operation":"full reindex(legacy)","status":"Initialize","elapsed":"405 ms","pid":"207","caller":"bin\/magento setup:upgrade"} [] []
[2026-03-23T16:25:46.830357+00:00] main.INFO: {"feed":"salesOrders","operation":"full reindex(legacy)","status":"Creating batch table `sales_data_exporter_orders_index_batches`. Start position: 0","elapsed":"422 ms","pid":"207","caller":"bin\/magento setup:upgrade"} [] []
[2026-03-23T16:25:46.839032+00:00] main.INFO: {"feed":"salesOrders","operation":"full reindex(legacy)","status":"Batch table `sales_data_exporter_orders_index_batches` created. Total Items: 2, batches: ~0","elapsed":"430 ms","pid":"207","caller":"bin\/magento setup:upgrade"} [] []
[2026-03-23T16:25:46.839135+00:00] main.INFO: {"feed":"salesOrders","operation":"full reindex(legacy)","status":"start processing `2` items in `1` threads with `100` batch size","elapsed":"431 ms","pid":"207","caller":"bin\/magento setup:upgrade"} [] []
[2026-03-23T16:25:46.854645+00:00] main.INFO: {"feed":"salesOrders","operation":"full reindex(legacy)","status":"Progress 1\/1, processed 2, synced 0","elapsed":"446 ms","pid":"207","caller":"bin\/magento setup:upgrade"} [] []
[2026-03-23T16:25:46.855813+00:00] main.INFO: {"feed":"salesOrders","operation":"full reindex(legacy)","status":"Complete","elapsed":"447 ms","pid":"207","caller":"bin\/magento setup:upgrade"} [] []
[2026-03-23T16:25:46.862142+00:00] main.INFO: {"feed":"salesOrderStatuses","operation":"full reindex(legacy)","status":"Initialize","elapsed":"502 ms","pid":"207","caller":"bin\/magento setup:upgrade"} [] []
[2026-03-23T16:25:46.874756+00:00] main.INFO: {"feed":"salesOrderStatuses","operation":"full reindex(legacy)","status":"Creating batch table `sales_data_exporter_order_statuses_index_batches`. Start position: ","elapsed":"515 ms","pid":"207","caller":"bin\/magento setup:upgrade"} [] []
[2026-03-23T16:25:46.883475+00:00] main.INFO: {"feed":"salesOrderStatuses","operation":"full reindex(legacy)","status":"Batch table `sales_data_exporter_order_statuses_index_batches` created. Total Items: 12, batches: ~0","elapsed":"524 ms","pid":"207","caller":"bin\/magento setup:upgrade"} [] []
[2026-03-23T16:25:46.883556+00:00] main.INFO: {"feed":"salesOrderStatuses","operation":"full reindex(legacy)","status":"start processing `12` items in `1` threads with `100` batch size","elapsed":"524 ms","pid":"207","caller":"bin\/magento setup:upgrade"} [] []
[2026-03-23T16:25:46.886788+00:00] main.INFO: {"feed":"salesOrderStatuses","operation":"full reindex(legacy)","status":"Progress 1\/1, processed 12, synced 12","elapsed":"527 ms","pid":"207","caller":"bin\/magento setup:upgrade"} [] []
[2026-03-23T16:25:46.888111+00:00] main.INFO: {"feed":"salesOrderStatuses","operation":"full reindex(legacy)","status":"Complete","elapsed":"528 ms","pid":"207","caller":"bin\/magento setup:upgrade"} [] []
[2026-03-23T16:25:46.892138+00:00] main.INFO: {"feed":"stores","operation":"full reindex(legacy)","status":"Initialize","elapsed":"562 ms","pid":"207","caller":"bin\/magento setup:upgrade"} [] []
[2026-03-23T16:25:46.907405+00:00] main.INFO: {"feed":"stores","operation":"full reindex(legacy)","status":"Creating batch table `stores_data_exporter_index_batches`. Start position: 0","elapsed":"577 ms","pid":"207","caller":"bin\/magento setup:upgrade"} [] []
[2026-03-23T16:25:46.920105+00:00] main.INFO: {"feed":"stores","operation":"full reindex(legacy)","status":"Batch table `stores_data_exporter_index_batches` created. Total Items: 1, batches: ~0","elapsed":"590 ms","pid":"207","caller":"bin\/magento setup:upgrade"} [] []
[2026-03-23T16:25:46.920248+00:00] main.INFO: {"feed":"stores","operation":"full reindex(legacy)","status":"start processing `1` items in `1` threads with `100` batch size","elapsed":"590 ms","pid":"207","caller":"bin\/magento setup:upgrade"} [] []
[2026-03-23T16:25:46.925451+00:00] main.INFO: {"feed":"stores","operation":"full reindex(legacy)","status":"Progress 1\/1, processed 1, synced 1","elapsed":"596 ms","pid":"207","caller":"bin\/magento setup:upgrade"} [] []
[2026-03-23T16:25:46.927144+00:00] main.INFO: {"feed":"stores","operation":"full reindex(legacy)","status":"Complete","elapsed":"597 ms","pid":"207","caller":"bin\/magento setup:upgrade"} [] []
[2026-03-28T08:04:37.660498+00:00] main.INFO: {"feed":"salesOrders","operation":"full reindex(legacy)","status":"Initialize","elapsed":"12 ms","pid":"82","caller":"bin\/magento setup:upgrade"} [] []
[2026-03-28T08:04:37.700225+00:00] main.INFO: {"feed":"salesOrders","operation":"full reindex(legacy)","status":"Creating batch table `sales_data_exporter_orders_index_batches`. Start position: 0","elapsed":"51 ms","pid":"82","caller":"bin\/magento setup:upgrade"} [] []
[2026-03-28T08:04:37.728490+00:00] main.INFO: {"feed":"salesOrders","operation":"full reindex(legacy)","status":"Batch table `sales_data_exporter_orders_index_batches` created. Total Items: 4, batches: ~0","elapsed":"80 ms","pid":"82","caller":"bin\/magento setup:upgrade"} [] []
[2026-03-28T08:04:37.728847+00:00] main.INFO: {"feed":"salesOrders","operation":"full reindex(legacy)","status":"start processing `4` items in `1` threads with `100` batch size","elapsed":"80 ms","pid":"82","caller":"bin\/magento setup:upgrade"} [] []
[2026-03-28T08:04:37.756368+00:00] main.INFO: {"feed":"salesOrders","operation":"full reindex(legacy)","status":"Progress 1\/1, processed 4, synced 0","elapsed":"107 ms","pid":"82","caller":"bin\/magento setup:upgrade"} [] []
[2026-03-28T08:04:37.760046+00:00] main.INFO: {"feed":"salesOrders","operation":"full reindex(legacy)","status":"Complete","elapsed":"111 ms","pid":"82","caller":"bin\/magento setup:upgrade"} [] []
[2026-03-28T08:04:37.781012+00:00] main.INFO: {"feed":"salesOrderStatuses","operation":"full reindex(legacy)","status":"Initialize","elapsed":"253 ms","pid":"82","caller":"bin\/magento setup:upgrade"} [] []
[2026-03-28T08:04:37.835179+00:00] main.INFO: {"feed":"salesOrderStatuses","operation":"full reindex(legacy)","status":"Creating batch table `sales_data_exporter_order_statuses_index_batches`. Start position: ","elapsed":"307 ms","pid":"82","caller":"bin\/magento setup:upgrade"} [] []
[2026-03-28T08:04:37.885362+00:00] main.INFO: {"feed":"salesOrderStatuses","operation":"full reindex(legacy)","status":"Batch table `sales_data_exporter_order_statuses_index_batches` created. Total Items: 12, batches: ~0","elapsed":"357 ms","pid":"82","caller":"bin\/magento setup:upgrade"} [] []
[2026-03-28T08:04:37.886052+00:00] main.INFO: {"feed":"salesOrderStatuses","operation":"full reindex(legacy)","status":"start processing `12` items in `1` threads with `100` batch size","elapsed":"358 ms","pid":"82","caller":"bin\/magento setup:upgrade"} [] []
[2026-03-28T08:04:37.902273+00:00] main.INFO: {"feed":"salesOrderStatuses","operation":"full reindex(legacy)","status":"Progress 1\/1, processed 12, synced 12","elapsed":"374 ms","pid":"82","caller":"bin\/magento setup:upgrade"} [] []
[2026-03-28T08:04:37.908990+00:00] main.INFO: {"feed":"salesOrderStatuses","operation":"full reindex(legacy)","status":"Complete","elapsed":"381 ms","pid":"82","caller":"bin\/magento setup:upgrade"} [] []
[2026-03-28T08:04:37.930098+00:00] main.INFO: {"feed":"stores","operation":"full reindex(legacy)","status":"Initialize","elapsed":"551 ms","pid":"82","caller":"bin\/magento setup:upgrade"} [] []
[2026-03-28T08:04:37.972817+00:00] main.INFO: {"feed":"stores","operation":"full reindex(legacy)","status":"Creating batch table `stores_data_exporter_index_batches`. Start position: 0","elapsed":"593 ms","pid":"82","caller":"bin\/magento setup:upgrade"} [] []
[2026-03-28T08:04:37.998426+00:00] main.INFO: {"feed":"stores","operation":"full reindex(legacy)","status":"Batch table `stores_data_exporter_index_batches` created. Total Items: 1, batches: ~0","elapsed":"619 ms","pid":"82","caller":"bin\/magento setup:upgrade"} [] []
[2026-03-28T08:04:37.998793+00:00] main.INFO: {"feed":"stores","operation":"full reindex(legacy)","status":"start processing `1` items in `1` threads with `100` batch size","elapsed":"619 ms","pid":"82","caller":"bin\/magento setup:upgrade"} [] []
[2026-03-28T08:04:38.008547+00:00] main.INFO: {"feed":"stores","operation":"full reindex(legacy)","status":"Progress 1\/1, processed 1, synced 1","elapsed":"629 ms","pid":"82","caller":"bin\/magento setup:upgrade"} [] []
[2026-03-28T08:04:38.010439+00:00] main.INFO: {"feed":"stores","operation":"full reindex(legacy)","status":"Complete","elapsed":"631 ms","pid":"82","caller":"bin\/magento setup:upgrade"} [] []
[2026-03-28T08:28:46.968763+00:00] main.INFO: {"feed":"salesOrders","operation":"full reindex(legacy)","status":"Initialize","elapsed":"628 ms","pid":"173","caller":"bin\/magento setup:upgrade"} [] []
[2026-03-28T08:28:46.994240+00:00] main.INFO: {"feed":"salesOrders","operation":"full reindex(legacy)","status":"Creating batch table `sales_data_exporter_orders_index_batches`. Start position: 0","elapsed":"654 ms","pid":"173","caller":"bin\/magento setup:upgrade"} [] []
[2026-03-28T08:28:47.018149+00:00] main.INFO: {"feed":"salesOrders","operation":"full reindex(legacy)","status":"Batch table `sales_data_exporter_orders_index_batches` created. Total Items: 4, batches: ~0","elapsed":"677 ms","pid":"173","caller":"bin\/magento setup:upgrade"} [] []
[2026-03-28T08:28:47.018374+00:00] main.INFO: {"feed":"salesOrders","operation":"full reindex(legacy)","status":"start processing `4` items in `1` threads with `100` batch size","elapsed":"678 ms","pid":"173","caller":"bin\/magento setup:upgrade"} [] []
[2026-03-28T08:28:47.033889+00:00] main.INFO: {"feed":"salesOrders","operation":"full reindex(legacy)","status":"Progress 1\/1, processed 4, synced 0","elapsed":"693 ms","pid":"173","caller":"bin\/magento setup:upgrade"} [] []
[2026-03-28T08:28:47.036067+00:00] main.INFO: {"feed":"salesOrders","operation":"full reindex(legacy)","status":"Complete","elapsed":"695 ms","pid":"173","caller":"bin\/magento setup:upgrade"} [] []
[2026-03-28T08:28:47.048807+00:00] main.INFO: {"feed":"salesOrderStatuses","operation":"full reindex(legacy)","status":"Initialize","elapsed":"788 ms","pid":"173","caller":"bin\/magento setup:upgrade"} [] []
[2026-03-28T08:28:47.070127+00:00] main.INFO: {"feed":"salesOrderStatuses","operation":"full reindex(legacy)","status":"Creating batch table `sales_data_exporter_order_statuses_index_batches`. Start position: ","elapsed":"810 ms","pid":"173","caller":"bin\/magento setup:upgrade"} [] []
[2026-03-28T08:28:47.083842+00:00] main.INFO: {"feed":"salesOrderStatuses","operation":"full reindex(legacy)","status":"Batch table `sales_data_exporter_order_statuses_index_batches` created. Total Items: 12, batches: ~0","elapsed":"823 ms","pid":"173","caller":"bin\/magento setup:upgrade"} [] []
[2026-03-28T08:28:47.083975+00:00] main.INFO: {"feed":"salesOrderStatuses","operation":"full reindex(legacy)","status":"start processing `12` items in `1` threads with `100` batch size","elapsed":"823 ms","pid":"173","caller":"bin\/magento setup:upgrade"} [] []
[2026-03-28T08:28:47.088572+00:00] main.INFO: {"feed":"salesOrderStatuses","operation":"full reindex(legacy)","status":"Progress 1\/1, processed 12, synced 12","elapsed":"828 ms","pid":"173","caller":"bin\/magento setup:upgrade"} [] []
[2026-03-28T08:28:47.090105+00:00] main.INFO: {"feed":"salesOrderStatuses","operation":"full reindex(legacy)","status":"Complete","elapsed":"830 ms","pid":"173","caller":"bin\/magento setup:upgrade"} [] []
[2026-03-28T08:28:47.097274+00:00] main.INFO: {"feed":"stores","operation":"full reindex(legacy)","status":"Initialize","elapsed":"885 ms","pid":"173","caller":"bin\/magento setup:upgrade"} [] []
[2026-03-28T08:28:47.121773+00:00] main.INFO: {"feed":"stores","operation":"full reindex(legacy)","status":"Creating batch table `stores_data_exporter_index_batches`. Start position: 0","elapsed":"910 ms","pid":"173","caller":"bin\/magento setup:upgrade"} [] []
[2026-03-28T08:28:47.143164+00:00] main.INFO: {"feed":"stores","operation":"full reindex(legacy)","status":"Batch table `stores_data_exporter_index_batches` created. Total Items: 1, batches: ~0","elapsed":"931 ms","pid":"173","caller":"bin\/magento setup:upgrade"} [] []
[2026-03-28T08:28:47.143410+00:00] main.INFO: {"feed":"stores","operation":"full reindex(legacy)","status":"start processing `1` items in `1` threads with `100` batch size","elapsed":"931 ms","pid":"173","caller":"bin\/magento setup:upgrade"} [] []
[2026-03-28T08:28:47.152258+00:00] main.INFO: {"feed":"stores","operation":"full reindex(legacy)","status":"Progress 1\/1, processed 1, synced 1","elapsed":"940 ms","pid":"173","caller":"bin\/magento setup:upgrade"} [] []
[2026-03-28T08:28:47.154604+00:00] main.INFO: {"feed":"stores","operation":"full reindex(legacy)","status":"Complete","elapsed":"942 ms","pid":"173","caller":"bin\/magento setup:upgrade"} [] []
[2026-04-07T11:06:40.993489+00:00] main.INFO: {"feed":"salesOrders","operation":"full reindex(legacy)","status":"Initialize","elapsed":"00:00:00 745 ms","pid":"84","caller":"bin\/magento setup:upgrade"} [] []
[2026-04-07T11:06:41.022156+00:00] main.INFO: {"feed":"salesOrders","operation":"full reindex(legacy)","status":"Creating batch table `sales_data_exporter_orders_index_batches`. Start position: 0","elapsed":"00:00:00 774 ms","pid":"84","caller":"bin\/magento setup:upgrade"} [] []
[2026-04-07T11:06:41.039013+00:00] main.INFO: {"feed":"salesOrders","operation":"full reindex(legacy)","status":"Batch table `sales_data_exporter_orders_index_batches` created. Total Items: 4, batches: ~0","elapsed":"00:00:00 790 ms","pid":"84","caller":"bin\/magento setup:upgrade"} [] []
[2026-04-07T11:06:41.039251+00:00] main.INFO: {"feed":"salesOrders","operation":"full reindex(legacy)","status":"start processing `4` items in `1` threads with `100` batch size","elapsed":"00:00:00 791 ms","pid":"84","caller":"bin\/magento setup:upgrade"} [] []
[2026-04-07T11:06:41.057555+00:00] main.INFO: {"feed":"salesOrders","operation":"full reindex(legacy)","status":"Progress 1\/1, processed 4, synced 0","elapsed":"00:00:00 809 ms","pid":"84","caller":"bin\/magento setup:upgrade"} [] []
[2026-04-07T11:06:41.059160+00:00] main.INFO: {"feed":"salesOrders","operation":"full reindex(legacy)","status":"Complete","elapsed":"00:00:00 811 ms","pid":"84","caller":"bin\/magento setup:upgrade"} [] []
[2026-04-07T11:06:41.069136+00:00] main.INFO: {"feed":"salesOrderStatuses","operation":"full reindex(legacy)","status":"Initialize","elapsed":"00:00:00 896 ms","pid":"84","caller":"bin\/magento setup:upgrade"} [] []
[2026-04-07T11:06:41.087624+00:00] main.INFO: {"feed":"salesOrderStatuses","operation":"full reindex(legacy)","status":"Creating batch table `sales_data_exporter_order_statuses_index_batches`. Start position: ","elapsed":"00:00:00 915 ms","pid":"84","caller":"bin\/magento setup:upgrade"} [] []
[2026-04-07T11:06:41.105211+00:00] main.INFO: {"feed":"salesOrderStatuses","operation":"full reindex(legacy)","status":"Batch table `sales_data_exporter_order_statuses_index_batches` created. Total Items: 12, batches: ~0","elapsed":"00:00:00 932 ms","pid":"84","caller":"bin\/magento setup:upgrade"} [] []
[2026-04-07T11:06:41.105387+00:00] main.INFO: {"feed":"salesOrderStatuses","operation":"full reindex(legacy)","status":"start processing `12` items in `1` threads with `100` batch size","elapsed":"00:00:00 933 ms","pid":"84","caller":"bin\/magento setup:upgrade"} [] []
[2026-04-07T11:06:41.110483+00:00] main.INFO: {"feed":"salesOrderStatuses","operation":"full reindex(legacy)","status":"Progress 1\/1, processed 12, synced 12","elapsed":"00:00:00 938 ms","pid":"84","caller":"bin\/magento setup:upgrade"} [] []
[2026-04-07T11:06:41.112764+00:00] main.INFO: {"feed":"salesOrderStatuses","operation":"full reindex(legacy)","status":"Complete","elapsed":"00:00:00 940 ms","pid":"84","caller":"bin\/magento setup:upgrade"} [] []
[2026-04-07T11:06:41.119353+00:00] main.INFO: {"feed":"stores","operation":"full reindex(legacy)","status":"Initialize","elapsed":"00:00:00 997 ms","pid":"84","caller":"bin\/magento setup:upgrade"} [] []
[2026-04-07T11:06:41.137421+00:00] main.INFO: {"feed":"stores","operation":"full reindex(legacy)","status":"Creating batch table `stores_data_exporter_index_batches`. Start position: 0","elapsed":"00:00:01 15 ms","pid":"84","caller":"bin\/magento setup:upgrade"} [] []
[2026-04-07T11:06:41.149433+00:00] main.INFO: {"feed":"stores","operation":"full reindex(legacy)","status":"Batch table `stores_data_exporter_index_batches` created. Total Items: 1, batches: ~0","elapsed":"00:00:01 27 ms","pid":"84","caller":"bin\/magento setup:upgrade"} [] []
[2026-04-07T11:06:41.149621+00:00] main.INFO: {"feed":"stores","operation":"full reindex(legacy)","status":"start processing `1` items in `1` threads with `100` batch size","elapsed":"00:00:01 27 ms","pid":"84","caller":"bin\/magento setup:upgrade"} [] []
[2026-04-07T11:06:41.154395+00:00] main.INFO: {"feed":"stores","operation":"full reindex(legacy)","status":"Progress 1\/1, processed 1, synced 1","elapsed":"00:00:01 32 ms","pid":"84","caller":"bin\/magento setup:upgrade"} [] []
[2026-04-07T11:06:41.155402+00:00] main.INFO: {"feed":"stores","operation":"full reindex(legacy)","status":"Complete","elapsed":"00:00:01 33 ms","pid":"84","caller":"bin\/magento setup:upgrade"} [] []
[2026-04-07T11:34:11.557598+00:00] main.INFO: {"feed":"salesOrders","operation":"full reindex(legacy)","status":"Initialize","elapsed":"873 ms","pid":"195","caller":"bin\/magento setup:upgrade"} [] []
[2026-04-07T11:34:11.574441+00:00] main.INFO: {"feed":"salesOrders","operation":"full reindex(legacy)","status":"Creating batch table `sales_data_exporter_orders_index_batches`. Start position: 0","elapsed":"890 ms","pid":"195","caller":"bin\/magento setup:upgrade"} [] []
[2026-04-07T11:34:11.583004+00:00] main.INFO: {"feed":"salesOrders","operation":"full reindex(legacy)","status":"Batch table `sales_data_exporter_orders_index_batches` created. Total Items: 4, batches: ~0","elapsed":"899 ms","pid":"195","caller":"bin\/magento setup:upgrade"} [] []
[2026-04-07T11:34:11.583119+00:00] main.INFO: {"feed":"salesOrders","operation":"full reindex(legacy)","status":"start processing `4` items in `1` threads with `100` batch size","elapsed":"899 ms","pid":"195","caller":"bin\/magento setup:upgrade"} [] []
[2026-04-07T11:34:11.591530+00:00] main.INFO: {"feed":"salesOrders","operation":"full reindex(legacy)","status":"Progress 1\/1, processed 4, synced 0","elapsed":"907 ms","pid":"195","caller":"bin\/magento setup:upgrade"} [] []
[2026-04-07T11:34:11.592442+00:00] main.INFO: {"feed":"salesOrders","operation":"full reindex(legacy)","status":"Complete","elapsed":"908 ms","pid":"195","caller":"bin\/magento setup:upgrade"} [] []
[2026-04-07T11:34:11.599276+00:00] main.INFO: {"feed":"salesOrderStatuses","operation":"full reindex(legacy)","status":"Initialize","elapsed":"957 ms","pid":"195","caller":"bin\/magento setup:upgrade"} [] []
[2026-04-07T11:34:11.616323+00:00] main.INFO: {"feed":"salesOrderStatuses","operation":"full reindex(legacy)","status":"Creating batch table `sales_data_exporter_order_statuses_index_batches`. Start position: ","elapsed":"974 ms","pid":"195","caller":"bin\/magento setup:upgrade"} [] []
[2026-04-07T11:34:11.629757+00:00] main.INFO: {"feed":"salesOrderStatuses","operation":"full reindex(legacy)","status":"Batch table `sales_data_exporter_order_statuses_index_batches` created. Total Items: 12, batches: ~0","elapsed":"987 ms","pid":"195","caller":"bin\/magento setup:upgrade"} [] []
[2026-04-07T11:34:11.629919+00:00] main.INFO: {"feed":"salesOrderStatuses","operation":"full reindex(legacy)","status":"start processing `12` items in `1` threads with `100` batch size","elapsed":"987 ms","pid":"195","caller":"bin\/magento setup:upgrade"} [] []
[2026-04-07T11:34:11.633615+00:00] main.INFO: {"feed":"salesOrderStatuses","operation":"full reindex(legacy)","status":"Progress 1\/1, processed 12, synced 12","elapsed":"991 ms","pid":"195","caller":"bin\/magento setup:upgrade"} [] []
[2026-04-07T11:34:11.635354+00:00] main.INFO: {"feed":"salesOrderStatuses","operation":"full reindex(legacy)","status":"Complete","elapsed":"993 ms","pid":"195","caller":"bin\/magento setup:upgrade"} [] []
[2026-04-07T11:34:11.641005+00:00] main.INFO: {"feed":"stores","operation":"full reindex(legacy)","status":"Initialize","elapsed":"00:00:00 40 ms","pid":"195","caller":"bin\/magento setup:upgrade"} [] []
[2026-04-07T11:34:11.652508+00:00] main.INFO: {"feed":"stores","operation":"full reindex(legacy)","status":"Creating batch table `stores_data_exporter_index_batches`. Start position: 0","elapsed":"00:00:00 52 ms","pid":"195","caller":"bin\/magento setup:upgrade"} [] []
[2026-04-07T11:34:11.660753+00:00] main.INFO: {"feed":"stores","operation":"full reindex(legacy)","status":"Batch table `stores_data_exporter_index_batches` created. Total Items: 1, batches: ~0","elapsed":"00:00:00 60 ms","pid":"195","caller":"bin\/magento setup:upgrade"} [] []
[2026-04-07T11:34:11.660856+00:00] main.INFO: {"feed":"stores","operation":"full reindex(legacy)","status":"start processing `1` items in `1` threads with `100` batch size","elapsed":"00:00:00 60 ms","pid":"195","caller":"bin\/magento setup:upgrade"} [] []
[2026-04-07T11:34:11.663572+00:00] main.INFO: {"feed":"stores","operation":"full reindex(legacy)","status":"Progress 1\/1, processed 1, synced 1","elapsed":"00:00:00 63 ms","pid":"195","caller":"bin\/magento setup:upgrade"} [] []
[2026-04-07T11:34:11.664185+00:00] main.INFO: {"feed":"stores","operation":"full reindex(legacy)","status":"Complete","elapsed":"00:00:00 63 ms","pid":"195","caller":"bin\/magento setup:upgrade"} [] []
[2026-04-07T11:42:25.049346+00:00] main.INFO: {"feed":"salesOrders","operation":"full reindex(legacy)","status":"Initialize","elapsed":"00:00:00 857 ms","pid":"222","caller":"bin\/magento setup:upgrade"} [] []
[2026-04-07T11:42:25.072709+00:00] main.INFO: {"feed":"salesOrders","operation":"full reindex(legacy)","status":"Creating batch table `sales_data_exporter_orders_index_batches`. Start position: 0","elapsed":"00:00:00 880 ms","pid":"222","caller":"bin\/magento setup:upgrade"} [] []
[2026-04-07T11:42:25.088483+00:00] main.INFO: {"feed":"salesOrders","operation":"full reindex(legacy)","status":"Batch table `sales_data_exporter_orders_index_batches` created. Total Items: 4, batches: ~0","elapsed":"00:00:00 896 ms","pid":"222","caller":"bin\/magento setup:upgrade"} [] []
[2026-04-07T11:42:25.088711+00:00] main.INFO: {"feed":"salesOrders","operation":"full reindex(legacy)","status":"start processing `4` items in `1` threads with `100` batch size","elapsed":"00:00:00 896 ms","pid":"222","caller":"bin\/magento setup:upgrade"} [] []
[2026-04-07T11:42:25.108280+00:00] main.INFO: {"feed":"salesOrders","operation":"full reindex(legacy)","status":"Progress 1\/1, processed 4, synced 0","elapsed":"00:00:00 916 ms","pid":"222","caller":"bin\/magento setup:upgrade"} [] []
[2026-04-07T11:42:25.109670+00:00] main.INFO: {"feed":"salesOrders","operation":"full reindex(legacy)","status":"Complete","elapsed":"00:00:00 917 ms","pid":"222","caller":"bin\/magento setup:upgrade"} [] []
[2026-04-07T11:42:25.118010+00:00] main.INFO: {"feed":"salesOrderStatuses","operation":"full reindex(legacy)","status":"Initialize","elapsed":"00:00:00 994 ms","pid":"222","caller":"bin\/magento setup:upgrade"} [] []
[2026-04-07T11:42:25.135961+00:00] main.INFO: {"feed":"salesOrderStatuses","operation":"full reindex(legacy)","status":"Creating batch table `sales_data_exporter_order_statuses_index_batches`. Start position: ","elapsed":"00:00:01 12 ms","pid":"222","caller":"bin\/magento setup:upgrade"} [] []
[2026-04-07T11:42:25.152396+00:00] main.INFO: {"feed":"salesOrderStatuses","operation":"full reindex(legacy)","status":"Batch table `sales_data_exporter_order_statuses_index_batches` created. Total Items: 12, batches: ~0","elapsed":"00:00:01 28 ms","pid":"222","caller":"bin\/magento setup:upgrade"} [] []
[2026-04-07T11:42:25.152592+00:00] main.INFO: {"feed":"salesOrderStatuses","operation":"full reindex(legacy)","status":"start processing `12` items in `1` threads with `100` batch size","elapsed":"00:00:01 29 ms","pid":"222","caller":"bin\/magento setup:upgrade"} [] []
[2026-04-07T11:42:25.158230+00:00] main.INFO: {"feed":"salesOrderStatuses","operation":"full reindex(legacy)","status":"Progress 1\/1, processed 12, synced 12","elapsed":"00:00:01 34 ms","pid":"222","caller":"bin\/magento setup:upgrade"} [] []
[2026-04-07T11:42:25.160569+00:00] main.INFO: {"feed":"salesOrderStatuses","operation":"full reindex(legacy)","status":"Complete","elapsed":"00:00:01 37 ms","pid":"222","caller":"bin\/magento setup:upgrade"} [] []
[2026-04-07T11:42:25.166882+00:00] main.INFO: {"feed":"stores","operation":"full reindex(legacy)","status":"Initialize","elapsed":"92 ms","pid":"222","caller":"bin\/magento setup:upgrade"} [] []
[2026-04-07T11:42:25.185385+00:00] main.INFO: {"feed":"stores","operation":"full reindex(legacy)","status":"Creating batch table `stores_data_exporter_index_batches`. Start position: 0","elapsed":"110 ms","pid":"222","caller":"bin\/magento setup:upgrade"} [] []
[2026-04-07T11:42:25.196516+00:00] main.INFO: {"feed":"stores","operation":"full reindex(legacy)","status":"Batch table `stores_data_exporter_index_batches` created. Total Items: 1, batches: ~0","elapsed":"121 ms","pid":"222","caller":"bin\/magento setup:upgrade"} [] []
[2026-04-07T11:42:25.196707+00:00] main.INFO: {"feed":"stores","operation":"full reindex(legacy)","status":"start processing `1` items in `1` threads with `100` batch size","elapsed":"122 ms","pid":"222","caller":"bin\/magento setup:upgrade"} [] []
[2026-04-07T11:42:25.201109+00:00] main.INFO: {"feed":"stores","operation":"full reindex(legacy)","status":"Progress 1\/1, processed 1, synced 1","elapsed":"126 ms","pid":"222","caller":"bin\/magento setup:upgrade"} [] []
[2026-04-07T11:42:25.202078+00:00] main.INFO: {"feed":"stores","operation":"full reindex(legacy)","status":"Complete","elapsed":"127 ms","pid":"222","caller":"bin\/magento setup:upgrade"} [] []
[2026-04-07T13:02:35.619597+00:00] main.INFO: {"feed":"salesOrders","operation":"full reindex(legacy)","status":"Initialize","elapsed":"997 ms","pid":"273","caller":"bin\/magento setup:upgrade"} [] []
[2026-04-07T13:02:35.643267+00:00] main.INFO: {"feed":"salesOrders","operation":"full reindex(legacy)","status":"Creating batch table `sales_data_exporter_orders_index_batches`. Start position: 0","elapsed":"00:00:00 21 ms","pid":"273","caller":"bin\/magento setup:upgrade"} [] []
[2026-04-07T13:02:35.657066+00:00] main.INFO: {"feed":"salesOrders","operation":"full reindex(legacy)","status":"Batch table `sales_data_exporter_orders_index_batches` created. Total Items: 4, batches: ~0","elapsed":"00:00:00 35 ms","pid":"273","caller":"bin\/magento setup:upgrade"} [] []
[2026-04-07T13:02:35.657212+00:00] main.INFO: {"feed":"salesOrders","operation":"full reindex(legacy)","status":"start processing `4` items in `1` threads with `100` batch size","elapsed":"00:00:00 35 ms","pid":"273","caller":"bin\/magento setup:upgrade"} [] []
[2026-04-07T13:02:35.675200+00:00] main.INFO: {"feed":"salesOrders","operation":"full reindex(legacy)","status":"Progress 1\/1, processed 4, synced 0","elapsed":"00:00:00 53 ms","pid":"273","caller":"bin\/magento setup:upgrade"} [] []
[2026-04-07T13:02:35.677051+00:00] main.INFO: {"feed":"salesOrders","operation":"full reindex(legacy)","status":"Complete","elapsed":"00:00:00 55 ms","pid":"273","caller":"bin\/magento setup:upgrade"} [] []
[2026-04-07T13:02:35.688333+00:00] main.INFO: {"feed":"salesOrderStatuses","operation":"full reindex(legacy)","status":"Initialize","elapsed":"00:00:00 135 ms","pid":"273","caller":"bin\/magento setup:upgrade"} [] []
[2026-04-07T13:02:35.712394+00:00] main.INFO: {"feed":"salesOrderStatuses","operation":"full reindex(legacy)","status":"Creating batch table `sales_data_exporter_order_statuses_index_batches`. Start position: ","elapsed":"00:00:00 159 ms","pid":"273","caller":"bin\/magento setup:upgrade"} [] []
[2026-04-07T13:02:35.737210+00:00] main.INFO: {"feed":"salesOrderStatuses","operation":"full reindex(legacy)","status":"Batch table `sales_data_exporter_order_statuses_index_batches` created. Total Items: 12, batches: ~0","elapsed":"00:00:00 183 ms","pid":"273","caller":"bin\/magento setup:upgrade"} [] []
[2026-04-07T13:02:35.737649+00:00] main.INFO: {"feed":"salesOrderStatuses","operation":"full reindex(legacy)","status":"start processing `12` items in `1` threads with `100` batch size","elapsed":"00:00:00 184 ms","pid":"273","caller":"bin\/magento setup:upgrade"} [] []
[2026-04-07T13:02:35.746280+00:00] main.INFO: {"feed":"salesOrderStatuses","operation":"full reindex(legacy)","status":"Progress 1\/1, processed 12, synced 12","elapsed":"00:00:00 193 ms","pid":"273","caller":"bin\/magento setup:upgrade"} [] []
[2026-04-07T13:02:35.749098+00:00] main.INFO: {"feed":"salesOrderStatuses","operation":"full reindex(legacy)","status":"Complete","elapsed":"00:00:00 195 ms","pid":"273","caller":"bin\/magento setup:upgrade"} [] []
[2026-04-07T13:02:35.755014+00:00] main.INFO: {"feed":"stores","operation":"full reindex(legacy)","status":"Initialize","elapsed":"00:00:00 268 ms","pid":"273","caller":"bin\/magento setup:upgrade"} [] []
[2026-04-07T13:02:35.780347+00:00] main.INFO: {"feed":"stores","operation":"full reindex(legacy)","status":"Creating batch table `stores_data_exporter_index_batches`. Start position: 0","elapsed":"00:00:00 293 ms","pid":"273","caller":"bin\/magento setup:upgrade"} [] []
[2026-04-07T13:02:35.808874+00:00] main.INFO: {"feed":"stores","operation":"full reindex(legacy)","status":"Batch table `stores_data_exporter_index_batches` created. Total Items: 1, batches: ~0","elapsed":"00:00:00 322 ms","pid":"273","caller":"bin\/magento setup:upgrade"} [] []
[2026-04-07T13:02:35.809546+00:00] main.INFO: {"feed":"stores","operation":"full reindex(legacy)","status":"start processing `1` items in `1` threads with `100` batch size","elapsed":"00:00:00 323 ms","pid":"273","caller":"bin\/magento setup:upgrade"} [] []
[2026-04-07T13:02:35.821926+00:00] main.INFO: {"feed":"stores","operation":"full reindex(legacy)","status":"Progress 1\/1, processed 1, synced 1","elapsed":"00:00:00 335 ms","pid":"273","caller":"bin\/magento setup:upgrade"} [] []
[2026-04-07T13:02:35.824826+00:00] main.INFO: {"feed":"stores","operation":"full reindex(legacy)","status":"Complete","elapsed":"00:00:00 338 ms","pid":"273","caller":"bin\/magento setup:upgrade"} [] []
[2026-04-07T13:04:26.246884+00:00] main.INFO: {"feed":"salesOrders","operation":"full reindex(legacy)","status":"Initialize","elapsed":"252 ms","pid":"296","caller":"bin\/magento setup:upgrade"} [] []
[2026-04-07T13:04:26.260014+00:00] main.INFO: {"feed":"salesOrders","operation":"full reindex(legacy)","status":"Creating batch table `sales_data_exporter_orders_index_batches`. Start position: 0","elapsed":"265 ms","pid":"296","caller":"bin\/magento setup:upgrade"} [] []
[2026-04-07T13:04:26.271859+00:00] main.INFO: {"feed":"salesOrders","operation":"full reindex(legacy)","status":"Batch table `sales_data_exporter_orders_index_batches` created. Total Items: 4, batches: ~0","elapsed":"277 ms","pid":"296","caller":"bin\/magento setup:upgrade"} [] []
[2026-04-07T13:04:26.272064+00:00] main.INFO: {"feed":"salesOrders","operation":"full reindex(legacy)","status":"start processing `4` items in `1` threads with `100` batch size","elapsed":"277 ms","pid":"296","caller":"bin\/magento setup:upgrade"} [] []
[2026-04-07T13:04:26.288695+00:00] main.INFO: {"feed":"salesOrders","operation":"full reindex(legacy)","status":"Progress 1\/1, processed 4, synced 0","elapsed":"294 ms","pid":"296","caller":"bin\/magento setup:upgrade"} [] []
[2026-04-07T13:04:26.290327+00:00] main.INFO: {"feed":"salesOrders","operation":"full reindex(legacy)","status":"Complete","elapsed":"295 ms","pid":"296","caller":"bin\/magento setup:upgrade"} [] []
[2026-04-07T13:04:26.298024+00:00] main.INFO: {"feed":"salesOrderStatuses","operation":"full reindex(legacy)","status":"Initialize","elapsed":"354 ms","pid":"296","caller":"bin\/magento setup:upgrade"} [] []
[2026-04-07T13:04:26.315341+00:00] main.INFO: {"feed":"salesOrderStatuses","operation":"full reindex(legacy)","status":"Creating batch table `sales_data_exporter_order_statuses_index_batches`. Start position: ","elapsed":"371 ms","pid":"296","caller":"bin\/magento setup:upgrade"} [] []
[2026-04-07T13:04:26.330464+00:00] main.INFO: {"feed":"salesOrderStatuses","operation":"full reindex(legacy)","status":"Batch table `sales_data_exporter_order_statuses_index_batches` created. Total Items: 12, batches: ~0","elapsed":"386 ms","pid":"296","caller":"bin\/magento setup:upgrade"} [] []
[2026-04-07T13:04:26.330741+00:00] main.INFO: {"feed":"salesOrderStatuses","operation":"full reindex(legacy)","status":"start processing `12` items in `1` threads with `100` batch size","elapsed":"387 ms","pid":"296","caller":"bin\/magento setup:upgrade"} [] []
[2026-04-07T13:04:26.338819+00:00] main.INFO: {"feed":"salesOrderStatuses","operation":"full reindex(legacy)","status":"Progress 1\/1, processed 12, synced 12","elapsed":"395 ms","pid":"296","caller":"bin\/magento setup:upgrade"} [] []
[2026-04-07T13:04:26.341119+00:00] main.INFO: {"feed":"salesOrderStatuses","operation":"full reindex(legacy)","status":"Complete","elapsed":"397 ms","pid":"296","caller":"bin\/magento setup:upgrade"} [] []
[2026-04-07T13:04:26.349501+00:00] main.INFO: {"feed":"stores","operation":"full reindex(legacy)","status":"Initialize","elapsed":"457 ms","pid":"296","caller":"bin\/magento setup:upgrade"} [] []
[2026-04-07T13:04:26.366851+00:00] main.INFO: {"feed":"stores","operation":"full reindex(legacy)","status":"Creating batch table `stores_data_exporter_index_batches`. Start position: 0","elapsed":"474 ms","pid":"296","caller":"bin\/magento setup:upgrade"} [] []
[2026-04-07T13:04:26.381721+00:00] main.INFO: {"feed":"stores","operation":"full reindex(legacy)","status":"Batch table `stores_data_exporter_index_batches` created. Total Items: 1, batches: ~0","elapsed":"489 ms","pid":"296","caller":"bin\/magento setup:upgrade"} [] []
[2026-04-07T13:04:26.382145+00:00] main.INFO: {"feed":"stores","operation":"full reindex(legacy)","status":"start processing `1` items in `1` threads with `100` batch size","elapsed":"490 ms","pid":"296","caller":"bin\/magento setup:upgrade"} [] []
[2026-04-07T13:04:26.388423+00:00] main.INFO: {"feed":"stores","operation":"full reindex(legacy)","status":"Progress 1\/1, processed 1, synced 1","elapsed":"496 ms","pid":"296","caller":"bin\/magento setup:upgrade"} [] []
[2026-04-07T13:04:26.389936+00:00] main.INFO: {"feed":"stores","operation":"full reindex(legacy)","status":"Complete","elapsed":"497 ms","pid":"296","caller":"bin\/magento setup:upgrade"} [] []
[2026-04-07T16:25:01.036972+00:00] main.INFO: {"feed":"salesOrders","operation":"full reindex(legacy)","status":"Initialize","elapsed":"863 ms","pid":"54","caller":"bin\/magento setup:upgrade"} [] []
[2026-04-07T16:25:01.104414+00:00] main.INFO: {"feed":"salesOrders","operation":"full reindex(legacy)","status":"Creating batch table `sales_data_exporter_orders_index_batches`. Start position: 0","elapsed":"930 ms","pid":"54","caller":"bin\/magento setup:upgrade"} [] []
[2026-04-07T16:25:01.143144+00:00] main.INFO: {"feed":"salesOrders","operation":"full reindex(legacy)","status":"Batch table `sales_data_exporter_orders_index_batches` created. Total Items: 4, batches: ~0","elapsed":"969 ms","pid":"54","caller":"bin\/magento setup:upgrade"} [] []
[2026-04-07T16:25:01.143443+00:00] main.INFO: {"feed":"salesOrders","operation":"full reindex(legacy)","status":"start processing `4` items in `1` threads with `100` batch size","elapsed":"969 ms","pid":"54","caller":"bin\/magento setup:upgrade"} [] []
[2026-04-07T16:25:01.196210+00:00] main.INFO: {"feed":"salesOrders","operation":"full reindex(legacy)","status":"Progress 1\/1, processed 4, synced 0","elapsed":"00:00:00 22 ms","pid":"54","caller":"bin\/magento setup:upgrade"} [] []
[2026-04-07T16:25:01.198411+00:00] main.INFO: {"feed":"salesOrders","operation":"full reindex(legacy)","status":"Complete","elapsed":"00:00:00 24 ms","pid":"54","caller":"bin\/magento setup:upgrade"} [] []
[2026-04-07T16:25:01.229326+00:00] main.INFO: {"feed":"salesOrderStatuses","operation":"full reindex(legacy)","status":"Initialize","elapsed":"00:00:00 247 ms","pid":"54","caller":"bin\/magento setup:upgrade"} [] []
[2026-04-07T16:25:01.272877+00:00] main.INFO: {"feed":"salesOrderStatuses","operation":"full reindex(legacy)","status":"Creating batch table `sales_data_exporter_order_statuses_index_batches`. Start position: ","elapsed":"00:00:00 291 ms","pid":"54","caller":"bin\/magento setup:upgrade"} [] []
[2026-04-07T16:25:01.315295+00:00] main.INFO: {"feed":"salesOrderStatuses","operation":"full reindex(legacy)","status":"Batch table `sales_data_exporter_order_statuses_index_batches` created. Total Items: 12, batches: ~0","elapsed":"00:00:00 333 ms","pid":"54","caller":"bin\/magento setup:upgrade"} [] []
[2026-04-07T16:25:01.315601+00:00] main.INFO: {"feed":"salesOrderStatuses","operation":"full reindex(legacy)","status":"start processing `12` items in `1` threads with `100` batch size","elapsed":"00:00:00 334 ms","pid":"54","caller":"bin\/magento setup:upgrade"} [] []
[2026-04-07T16:25:01.324499+00:00] main.INFO: {"feed":"salesOrderStatuses","operation":"full reindex(legacy)","status":"Progress 1\/1, processed 12, synced 12","elapsed":"00:00:00 342 ms","pid":"54","caller":"bin\/magento setup:upgrade"} [] []
[2026-04-07T16:25:01.327077+00:00] main.INFO: {"feed":"salesOrderStatuses","operation":"full reindex(legacy)","status":"Complete","elapsed":"00:00:00 345 ms","pid":"54","caller":"bin\/magento setup:upgrade"} [] []
[2026-04-07T16:25:01.380143+00:00] main.INFO: {"feed":"stores","operation":"full reindex(legacy)","status":"Initialize","elapsed":"00:00:00 549 ms","pid":"54","caller":"bin\/magento setup:upgrade"} [] []
[2026-04-07T16:25:01.414269+00:00] main.INFO: {"feed":"stores","operation":"full reindex(legacy)","status":"Creating batch table `stores_data_exporter_index_batches`. Start position: 0","elapsed":"00:00:00 583 ms","pid":"54","caller":"bin\/magento setup:upgrade"} [] []
[2026-04-07T16:25:01.437783+00:00] main.INFO: {"feed":"stores","operation":"full reindex(legacy)","status":"Batch table `stores_data_exporter_index_batches` created. Total Items: 1, batches: ~0","elapsed":"00:00:00 607 ms","pid":"54","caller":"bin\/magento setup:upgrade"} [] []
[2026-04-07T16:25:01.438076+00:00] main.INFO: {"feed":"stores","operation":"full reindex(legacy)","status":"start processing `1` items in `1` threads with `100` batch size","elapsed":"00:00:00 607 ms","pid":"54","caller":"bin\/magento setup:upgrade"} [] []
[2026-04-07T16:25:01.447537+00:00] main.INFO: {"feed":"stores","operation":"full reindex(legacy)","status":"Progress 1\/1, processed 1, synced 1","elapsed":"00:00:00 616 ms","pid":"54","caller":"bin\/magento setup:upgrade"} [] []
[2026-04-07T16:25:01.461344+00:00] main.INFO: {"feed":"stores","operation":"full reindex(legacy)","status":"Complete","elapsed":"00:00:00 630 ms","pid":"54","caller":"bin\/magento setup:upgrade"} [] []
[2026-04-07T16:28:08.836838+00:00] main.INFO: {"feed":"salesOrders","operation":"full reindex(legacy)","status":"Initialize","elapsed":"462 ms","pid":"93","caller":"bin\/magento setup:upgrade"} [] []
[2026-04-07T16:28:08.865549+00:00] main.INFO: {"feed":"salesOrders","operation":"full reindex(legacy)","status":"Creating batch table `sales_data_exporter_orders_index_batches`. Start position: 0","elapsed":"491 ms","pid":"93","caller":"bin\/magento setup:upgrade"} [] []
[2026-04-07T16:28:08.887819+00:00] main.INFO: {"feed":"salesOrders","operation":"full reindex(legacy)","status":"Batch table `sales_data_exporter_orders_index_batches` created. Total Items: 4, batches: ~0","elapsed":"513 ms","pid":"93","caller":"bin\/magento setup:upgrade"} [] []
[2026-04-07T16:28:08.888071+00:00] main.INFO: {"feed":"salesOrders","operation":"full reindex(legacy)","status":"start processing `4` items in `1` threads with `100` batch size","elapsed":"514 ms","pid":"93","caller":"bin\/magento setup:upgrade"} [] []
[2026-04-07T16:28:08.908804+00:00] main.INFO: {"feed":"salesOrders","operation":"full reindex(legacy)","status":"Progress 1\/1, processed 4, synced 0","elapsed":"534 ms","pid":"93","caller":"bin\/magento setup:upgrade"} [] []
[2026-04-07T16:28:08.910609+00:00] main.INFO: {"feed":"salesOrders","operation":"full reindex(legacy)","status":"Complete","elapsed":"536 ms","pid":"93","caller":"bin\/magento setup:upgrade"} [] []
[2026-04-07T16:28:08.921970+00:00] main.INFO: {"feed":"salesOrderStatuses","operation":"full reindex(legacy)","status":"Initialize","elapsed":"633 ms","pid":"93","caller":"bin\/magento setup:upgrade"} [] []
[2026-04-07T16:28:08.946414+00:00] main.INFO: {"feed":"salesOrderStatuses","operation":"full reindex(legacy)","status":"Creating batch table `sales_data_exporter_order_statuses_index_batches`. Start position: ","elapsed":"657 ms","pid":"93","caller":"bin\/magento setup:upgrade"} [] []
[2026-04-07T16:28:08.974772+00:00] main.INFO: {"feed":"salesOrderStatuses","operation":"full reindex(legacy)","status":"Batch table `sales_data_exporter_order_statuses_index_batches` created. Total Items: 12, batches: ~0","elapsed":"685 ms","pid":"93","caller":"bin\/magento setup:upgrade"} [] []
[2026-04-07T16:28:08.975108+00:00] main.INFO: {"feed":"salesOrderStatuses","operation":"full reindex(legacy)","status":"start processing `12` items in `1` threads with `100` batch size","elapsed":"686 ms","pid":"93","caller":"bin\/magento setup:upgrade"} [] []
[2026-04-07T16:28:08.985171+00:00] main.INFO: {"feed":"salesOrderStatuses","operation":"full reindex(legacy)","status":"Progress 1\/1, processed 12, synced 12","elapsed":"696 ms","pid":"93","caller":"bin\/magento setup:upgrade"} [] []
[2026-04-07T16:28:08.990148+00:00] main.INFO: {"feed":"salesOrderStatuses","operation":"full reindex(legacy)","status":"Complete","elapsed":"701 ms","pid":"93","caller":"bin\/magento setup:upgrade"} [] []
[2026-04-07T16:28:09.009946+00:00] main.INFO: {"feed":"stores","operation":"full reindex(legacy)","status":"Initialize","elapsed":"808 ms","pid":"93","caller":"bin\/magento setup:upgrade"} [] []
[2026-04-07T16:28:09.050130+00:00] main.INFO: {"feed":"stores","operation":"full reindex(legacy)","status":"Creating batch table `stores_data_exporter_index_batches`. Start position: 0","elapsed":"849 ms","pid":"93","caller":"bin\/magento setup:upgrade"} [] []
[2026-04-07T16:28:09.079057+00:00] main.INFO: {"feed":"stores","operation":"full reindex(legacy)","status":"Batch table `stores_data_exporter_index_batches` created. Total Items: 1, batches: ~0","elapsed":"878 ms","pid":"93","caller":"bin\/magento setup:upgrade"} [] []
[2026-04-07T16:28:09.079555+00:00] main.INFO: {"feed":"stores","operation":"full reindex(legacy)","status":"start processing `1` items in `1` threads with `100` batch size","elapsed":"878 ms","pid":"93","caller":"bin\/magento setup:upgrade"} [] []
[2026-04-07T16:28:09.092100+00:00] main.INFO: {"feed":"stores","operation":"full reindex(legacy)","status":"Progress 1\/1, processed 1, synced 1","elapsed":"891 ms","pid":"93","caller":"bin\/magento setup:upgrade"} [] []
[2026-04-07T16:28:09.095241+00:00] main.INFO: {"feed":"stores","operation":"full reindex(legacy)","status":"Complete","elapsed":"894 ms","pid":"93","caller":"bin\/magento setup:upgrade"} [] []
[2026-04-07T16:42:13.090373+00:00] main.INFO: {"feed":"salesOrders","operation":"full reindex(legacy)","status":"Initialize","elapsed":"969 ms","pid":"171","caller":"bin\/magento setup:upgrade"} [] []
[2026-04-07T16:42:13.120691+00:00] main.INFO: {"feed":"salesOrders","operation":"full reindex(legacy)","status":"Creating batch table `sales_data_exporter_orders_index_batches`. Start position: 0","elapsed":"00:00:00 0 ms","pid":"171","caller":"bin\/magento setup:upgrade"} [] []
[2026-04-07T16:42:13.139454+00:00] main.INFO: {"feed":"salesOrders","operation":"full reindex(legacy)","status":"Batch table `sales_data_exporter_orders_index_batches` created. Total Items: 4, batches: ~0","elapsed":"00:00:00 18 ms","pid":"171","caller":"bin\/magento setup:upgrade"} [] []
[2026-04-07T16:42:13.139620+00:00] main.INFO: {"feed":"salesOrders","operation":"full reindex(legacy)","status":"start processing `4` items in `1` threads with `100` batch size","elapsed":"00:00:00 19 ms","pid":"171","caller":"bin\/magento setup:upgrade"} [] []
[2026-04-07T16:42:13.155971+00:00] main.INFO: {"feed":"salesOrders","operation":"full reindex(legacy)","status":"Progress 1\/1, processed 4, synced 0","elapsed":"00:00:00 35 ms","pid":"171","caller":"bin\/magento setup:upgrade"} [] []
[2026-04-07T16:42:13.158259+00:00] main.INFO: {"feed":"salesOrders","operation":"full reindex(legacy)","status":"Complete","elapsed":"00:00:00 37 ms","pid":"171","caller":"bin\/magento setup:upgrade"} [] []
[2026-04-07T16:42:13.169413+00:00] main.INFO: {"feed":"salesOrderStatuses","operation":"full reindex(legacy)","status":"Initialize","elapsed":"00:00:00 127 ms","pid":"171","caller":"bin\/magento setup:upgrade"} [] []
[2026-04-07T16:42:13.187926+00:00] main.INFO: {"feed":"salesOrderStatuses","operation":"full reindex(legacy)","status":"Creating batch table `sales_data_exporter_order_statuses_index_batches`. Start position: ","elapsed":"00:00:00 146 ms","pid":"171","caller":"bin\/magento setup:upgrade"} [] []
[2026-04-07T16:42:13.206321+00:00] main.INFO: {"feed":"salesOrderStatuses","operation":"full reindex(legacy)","status":"Batch table `sales_data_exporter_order_statuses_index_batches` created. Total Items: 12, batches: ~0","elapsed":"00:00:00 164 ms","pid":"171","caller":"bin\/magento setup:upgrade"} [] []
[2026-04-07T16:42:13.206504+00:00] main.INFO: {"feed":"salesOrderStatuses","operation":"full reindex(legacy)","status":"start processing `12` items in `1` threads with `100` batch size","elapsed":"00:00:00 165 ms","pid":"171","caller":"bin\/magento setup:upgrade"} [] []
[2026-04-07T16:42:13.212171+00:00] main.INFO: {"feed":"salesOrderStatuses","operation":"full reindex(legacy)","status":"Progress 1\/1, processed 12, synced 12","elapsed":"00:00:00 170 ms","pid":"171","caller":"bin\/magento setup:upgrade"} [] []
[2026-04-07T16:42:13.213099+00:00] main.INFO: {"feed":"salesOrderStatuses","operation":"full reindex(legacy)","status":"Complete","elapsed":"00:00:00 171 ms","pid":"171","caller":"bin\/magento setup:upgrade"} [] []
[2026-04-07T16:42:13.220129+00:00] main.INFO: {"feed":"stores","operation":"full reindex(legacy)","status":"Initialize","elapsed":"00:00:00 229 ms","pid":"171","caller":"bin\/magento setup:upgrade"} [] []
[2026-04-07T16:42:13.241006+00:00] main.INFO: {"feed":"stores","operation":"full reindex(legacy)","status":"Creating batch table `stores_data_exporter_index_batches`. Start position: 0","elapsed":"00:00:00 250 ms","pid":"171","caller":"bin\/magento setup:upgrade"} [] []
[2026-04-07T16:42:13.252891+00:00] main.INFO: {"feed":"stores","operation":"full reindex(legacy)","status":"Batch table `stores_data_exporter_index_batches` created. Total Items: 1, batches: ~0","elapsed":"00:00:00 262 ms","pid":"171","caller":"bin\/magento setup:upgrade"} [] []
[2026-04-07T16:42:13.253002+00:00] main.INFO: {"feed":"stores","operation":"full reindex(legacy)","status":"start processing `1` items in `1` threads with `100` batch size","elapsed":"00:00:00 262 ms","pid":"171","caller":"bin\/magento setup:upgrade"} [] []
[2026-04-07T16:42:13.256739+00:00] main.INFO: {"feed":"stores","operation":"full reindex(legacy)","status":"Progress 1\/1, processed 1, synced 1","elapsed":"00:00:00 266 ms","pid":"171","caller":"bin\/magento setup:upgrade"} [] []
[2026-04-07T16:42:13.258334+00:00] main.INFO: {"feed":"stores","operation":"full reindex(legacy)","status":"Complete","elapsed":"00:00:00 267 ms","pid":"171","caller":"bin\/magento setup:upgrade"} [] []
[2026-04-07T16:47:44.102035+00:00] main.INFO: {"feed":"salesOrders","operation":"full reindex(legacy)","status":"Initialize","elapsed":"993 ms","pid":"217","caller":"bin\/magento setup:upgrade"} [] []
[2026-04-07T16:47:44.132857+00:00] main.INFO: {"feed":"salesOrders","operation":"full reindex(legacy)","status":"Creating batch table `sales_data_exporter_orders_index_batches`. Start position: 0","elapsed":"00:00:00 23 ms","pid":"217","caller":"bin\/magento setup:upgrade"} [] []
[2026-04-07T16:47:44.155886+00:00] main.INFO: {"feed":"salesOrders","operation":"full reindex(legacy)","status":"Batch table `sales_data_exporter_orders_index_batches` created. Total Items: 4, batches: ~0","elapsed":"00:00:00 46 ms","pid":"217","caller":"bin\/magento setup:upgrade"} [] []
[2026-04-07T16:47:44.156213+00:00] main.INFO: {"feed":"salesOrders","operation":"full reindex(legacy)","status":"start processing `4` items in `1` threads with `100` batch size","elapsed":"00:00:00 47 ms","pid":"217","caller":"bin\/magento setup:upgrade"} [] []
[2026-04-07T16:47:44.178958+00:00] main.INFO: {"feed":"salesOrders","operation":"full reindex(legacy)","status":"Progress 1\/1, processed 4, synced 0","elapsed":"00:00:00 70 ms","pid":"217","caller":"bin\/magento setup:upgrade"} [] []
[2026-04-07T16:47:44.180530+00:00] main.INFO: {"feed":"salesOrders","operation":"full reindex(legacy)","status":"Complete","elapsed":"00:00:00 71 ms","pid":"217","caller":"bin\/magento setup:upgrade"} [] []
[2026-04-07T16:47:44.191351+00:00] main.INFO: {"feed":"salesOrderStatuses","operation":"full reindex(legacy)","status":"Initialize","elapsed":"00:00:00 171 ms","pid":"217","caller":"bin\/magento setup:upgrade"} [] []
[2026-04-07T16:47:44.216280+00:00] main.INFO: {"feed":"salesOrderStatuses","operation":"full reindex(legacy)","status":"Creating batch table `sales_data_exporter_order_statuses_index_batches`. Start position: ","elapsed":"00:00:00 196 ms","pid":"217","caller":"bin\/magento setup:upgrade"} [] []
[2026-04-07T16:47:44.241117+00:00] main.INFO: {"feed":"salesOrderStatuses","operation":"full reindex(legacy)","status":"Batch table `sales_data_exporter_order_statuses_index_batches` created. Total Items: 12, batches: ~0","elapsed":"00:00:00 221 ms","pid":"217","caller":"bin\/magento setup:upgrade"} [] []
[2026-04-07T16:47:44.241414+00:00] main.INFO: {"feed":"salesOrderStatuses","operation":"full reindex(legacy)","status":"start processing `12` items in `1` threads with `100` batch size","elapsed":"00:00:00 221 ms","pid":"217","caller":"bin\/magento setup:upgrade"} [] []
[2026-04-07T16:47:44.249496+00:00] main.INFO: {"feed":"salesOrderStatuses","operation":"full reindex(legacy)","status":"Progress 1\/1, processed 12, synced 12","elapsed":"00:00:00 229 ms","pid":"217","caller":"bin\/magento setup:upgrade"} [] []
[2026-04-07T16:47:44.251469+00:00] main.INFO: {"feed":"salesOrderStatuses","operation":"full reindex(legacy)","status":"Complete","elapsed":"00:00:00 231 ms","pid":"217","caller":"bin\/magento setup:upgrade"} [] []
[2026-04-07T16:47:44.263926+00:00] main.INFO: {"feed":"stores","operation":"full reindex(legacy)","status":"Initialize","elapsed":"00:00:00 316 ms","pid":"217","caller":"bin\/magento setup:upgrade"} [] []
[2026-04-07T16:47:44.286864+00:00] main.INFO: {"feed":"stores","operation":"full reindex(legacy)","status":"Creating batch table `stores_data_exporter_index_batches`. Start position: 0","elapsed":"00:00:00 339 ms","pid":"217","caller":"bin\/magento setup:upgrade"} [] []
[2026-04-07T16:47:44.305284+00:00] main.INFO: {"feed":"stores","operation":"full reindex(legacy)","status":"Batch table `stores_data_exporter_index_batches` created. Total Items: 1, batches: ~0","elapsed":"00:00:00 358 ms","pid":"217","caller":"bin\/magento setup:upgrade"} [] []
[2026-04-07T16:47:44.305462+00:00] main.INFO: {"feed":"stores","operation":"full reindex(legacy)","status":"start processing `1` items in `1` threads with `100` batch size","elapsed":"00:00:00 358 ms","pid":"217","caller":"bin\/magento setup:upgrade"} [] []
[2026-04-07T16:47:44.313405+00:00] main.INFO: {"feed":"stores","operation":"full reindex(legacy)","status":"Progress 1\/1, processed 1, synced 1","elapsed":"00:00:00 366 ms","pid":"217","caller":"bin\/magento setup:upgrade"} [] []
[2026-04-07T16:47:44.315872+00:00] main.INFO: {"feed":"stores","operation":"full reindex(legacy)","status":"Complete","elapsed":"00:00:00 368 ms","pid":"217","caller":"bin\/magento setup:upgrade"} [] []
[2026-04-07T17:12:18.525858+00:00] main.INFO: {"feed":"salesOrders","operation":"full reindex(legacy)","status":"Initialize","elapsed":"00:00:00 840 ms","pid":"366","caller":"bin\/magento setup:upgrade"} [] []
[2026-04-07T17:12:18.565262+00:00] main.INFO: {"feed":"salesOrders","operation":"full reindex(legacy)","status":"Creating batch table `sales_data_exporter_orders_index_batches`. Start position: 0","elapsed":"00:00:00 880 ms","pid":"366","caller":"bin\/magento setup:upgrade"} [] []
[2026-04-07T17:12:18.586132+00:00] main.INFO: {"feed":"salesOrders","operation":"full reindex(legacy)","status":"Batch table `sales_data_exporter_orders_index_batches` created. Total Items: 4, batches: ~0","elapsed":"00:00:00 901 ms","pid":"366","caller":"bin\/magento setup:upgrade"} [] []
[2026-04-07T17:12:18.586353+00:00] main.INFO: {"feed":"salesOrders","operation":"full reindex(legacy)","status":"start processing `4` items in `1` threads with `100` batch size","elapsed":"00:00:00 901 ms","pid":"366","caller":"bin\/magento setup:upgrade"} [] []
[2026-04-07T17:12:18.608200+00:00] main.INFO: {"feed":"salesOrders","operation":"full reindex(legacy)","status":"Progress 1\/1, processed 4, synced 0","elapsed":"00:00:01 923 ms","pid":"366","caller":"bin\/magento setup:upgrade"} [] []
[2026-04-07T17:12:18.610517+00:00] main.INFO: {"feed":"salesOrders","operation":"full reindex(legacy)","status":"Complete","elapsed":"00:00:01 925 ms","pid":"366","caller":"bin\/magento setup:upgrade"} [] []
[2026-04-07T17:12:18.627026+00:00] main.INFO: {"feed":"salesOrderStatuses","operation":"full reindex(legacy)","status":"Initialize","elapsed":"43 ms","pid":"366","caller":"bin\/magento setup:upgrade"} [] []
[2026-04-07T17:12:18.654846+00:00] main.INFO: {"feed":"salesOrderStatuses","operation":"full reindex(legacy)","status":"Creating batch table `sales_data_exporter_order_statuses_index_batches`. Start position: ","elapsed":"70 ms","pid":"366","caller":"bin\/magento setup:upgrade"} [] []
[2026-04-07T17:12:18.678214+00:00] main.INFO: {"feed":"salesOrderStatuses","operation":"full reindex(legacy)","status":"Batch table `sales_data_exporter_order_statuses_index_batches` created. Total Items: 12, batches: ~0","elapsed":"94 ms","pid":"366","caller":"bin\/magento setup:upgrade"} [] []
[2026-04-07T17:12:18.678435+00:00] main.INFO: {"feed":"salesOrderStatuses","operation":"full reindex(legacy)","status":"start processing `12` items in `1` threads with `100` batch size","elapsed":"94 ms","pid":"366","caller":"bin\/magento setup:upgrade"} [] []
[2026-04-07T17:12:18.686833+00:00] main.INFO: {"feed":"salesOrderStatuses","operation":"full reindex(legacy)","status":"Progress 1\/1, processed 12, synced 12","elapsed":"102 ms","pid":"366","caller":"bin\/magento setup:upgrade"} [] []
[2026-04-07T17:12:18.688845+00:00] main.INFO: {"feed":"salesOrderStatuses","operation":"full reindex(legacy)","status":"Complete","elapsed":"104 ms","pid":"366","caller":"bin\/magento setup:upgrade"} [] []
[2026-04-07T17:12:18.702700+00:00] main.INFO: {"feed":"stores","operation":"full reindex(legacy)","status":"Initialize","elapsed":"194 ms","pid":"366","caller":"bin\/magento setup:upgrade"} [] []
[2026-04-07T17:12:18.719114+00:00] main.INFO: {"feed":"stores","operation":"full reindex(legacy)","status":"Creating batch table `stores_data_exporter_index_batches`. Start position: 0","elapsed":"210 ms","pid":"366","caller":"bin\/magento setup:upgrade"} [] []
[2026-04-07T17:12:18.730186+00:00] main.INFO: {"feed":"stores","operation":"full reindex(legacy)","status":"Batch table `stores_data_exporter_index_batches` created. Total Items: 1, batches: ~0","elapsed":"222 ms","pid":"366","caller":"bin\/magento setup:upgrade"} [] []
[2026-04-07T17:12:18.730334+00:00] main.INFO: {"feed":"stores","operation":"full reindex(legacy)","status":"start processing `1` items in `1` threads with `100` batch size","elapsed":"222 ms","pid":"366","caller":"bin\/magento setup:upgrade"} [] []
[2026-04-07T17:12:18.734058+00:00] main.INFO: {"feed":"stores","operation":"full reindex(legacy)","status":"Progress 1\/1, processed 1, synced 1","elapsed":"225 ms","pid":"366","caller":"bin\/magento setup:upgrade"} [] []
[2026-04-07T17:12:18.735185+00:00] main.INFO: {"feed":"stores","operation":"full reindex(legacy)","status":"Complete","elapsed":"227 ms","pid":"366","caller":"bin\/magento setup:upgrade"} [] []
[2026-04-07T18:15:53.996268+00:00] main.INFO: {"feed":"salesOrders","operation":"full reindex(legacy)","status":"Initialize","elapsed":"781 ms","pid":"1016","caller":"bin\/magento setup:upgrade"} [] []
[2026-04-07T18:15:54.029582+00:00] main.INFO: {"feed":"salesOrders","operation":"full reindex(legacy)","status":"Creating batch table `sales_data_exporter_orders_index_batches`. Start position: 0","elapsed":"814 ms","pid":"1016","caller":"bin\/magento setup:upgrade"} [] []
[2026-04-07T18:15:54.059975+00:00] main.INFO: {"feed":"salesOrders","operation":"full reindex(legacy)","status":"Batch table `sales_data_exporter_orders_index_batches` created. Total Items: 4, batches: ~0","elapsed":"845 ms","pid":"1016","caller":"bin\/magento setup:upgrade"} [] []
[2026-04-07T18:15:54.060327+00:00] main.INFO: {"feed":"salesOrders","operation":"full reindex(legacy)","status":"start processing `4` items in `1` threads with `100` batch size","elapsed":"845 ms","pid":"1016","caller":"bin\/magento setup:upgrade"} [] []
[2026-04-07T18:15:54.096704+00:00] main.INFO: {"feed":"salesOrders","operation":"full reindex(legacy)","status":"Progress 1\/1, processed 4, synced 0","elapsed":"882 ms","pid":"1016","caller":"bin\/magento setup:upgrade"} [] []
[2026-04-07T18:15:54.098929+00:00] main.INFO: {"feed":"salesOrders","operation":"full reindex(legacy)","status":"Complete","elapsed":"884 ms","pid":"1016","caller":"bin\/magento setup:upgrade"} [] []
[2026-04-07T18:15:54.119865+00:00] main.INFO: {"feed":"salesOrderStatuses","operation":"full reindex(legacy)","status":"Initialize","elapsed":"00:00:00 28 ms","pid":"1016","caller":"bin\/magento setup:upgrade"} [] []
[2026-04-07T18:15:54.155113+00:00] main.INFO: {"feed":"salesOrderStatuses","operation":"full reindex(legacy)","status":"Creating batch table `sales_data_exporter_order_statuses_index_batches`. Start position: ","elapsed":"00:00:00 64 ms","pid":"1016","caller":"bin\/magento setup:upgrade"} [] []
[2026-04-07T18:15:54.191523+00:00] main.INFO: {"feed":"salesOrderStatuses","operation":"full reindex(legacy)","status":"Batch table `sales_data_exporter_order_statuses_index_batches` created. Total Items: 12, batches: ~0","elapsed":"00:00:00 100 ms","pid":"1016","caller":"bin\/magento setup:upgrade"} [] []
[2026-04-07T18:15:54.192007+00:00] main.INFO: {"feed":"salesOrderStatuses","operation":"full reindex(legacy)","status":"start processing `12` items in `1` threads with `100` batch size","elapsed":"00:00:00 101 ms","pid":"1016","caller":"bin\/magento setup:upgrade"} [] []
[2026-04-07T18:15:54.207072+00:00] main.INFO: {"feed":"salesOrderStatuses","operation":"full reindex(legacy)","status":"Progress 1\/1, processed 12, synced 12","elapsed":"00:00:00 116 ms","pid":"1016","caller":"bin\/magento setup:upgrade"} [] []
[2026-04-07T18:15:54.212449+00:00] main.INFO: {"feed":"salesOrderStatuses","operation":"full reindex(legacy)","status":"Complete","elapsed":"00:00:00 121 ms","pid":"1016","caller":"bin\/magento setup:upgrade"} [] []
[2026-04-07T18:15:54.230942+00:00] main.INFO: {"feed":"stores","operation":"full reindex(legacy)","status":"Initialize","elapsed":"00:00:00 250 ms","pid":"1016","caller":"bin\/magento setup:upgrade"} [] []
[2026-04-07T18:15:54.265193+00:00] main.INFO: {"feed":"stores","operation":"full reindex(legacy)","status":"Creating batch table `stores_data_exporter_index_batches`. Start position: 0","elapsed":"00:00:00 285 ms","pid":"1016","caller":"bin\/magento setup:upgrade"} [] []
[2026-04-07T18:15:54.295851+00:00] main.INFO: {"feed":"stores","operation":"full reindex(legacy)","status":"Batch table `stores_data_exporter_index_batches` created. Total Items: 1, batches: ~0","elapsed":"00:00:00 315 ms","pid":"1016","caller":"bin\/magento setup:upgrade"} [] []
[2026-04-07T18:15:54.296278+00:00] main.INFO: {"feed":"stores","operation":"full reindex(legacy)","status":"start processing `1` items in `1` threads with `100` batch size","elapsed":"00:00:00 316 ms","pid":"1016","caller":"bin\/magento setup:upgrade"} [] []
[2026-04-07T18:15:54.308055+00:00] main.INFO: {"feed":"stores","operation":"full reindex(legacy)","status":"Progress 1\/1, processed 1, synced 1","elapsed":"00:00:00 328 ms","pid":"1016","caller":"bin\/magento setup:upgrade"} [] []
[2026-04-07T18:15:54.310580+00:00] main.INFO: {"feed":"stores","operation":"full reindex(legacy)","status":"Complete","elapsed":"00:00:00 330 ms","pid":"1016","caller":"bin\/magento setup:upgrade"} [] []
[2026-04-07T18:17:29.535938+00:00] main.INFO: {"feed":"salesOrders","operation":"full reindex(legacy)","status":"Initialize","elapsed":"00:00:00 861 ms","pid":"1099","caller":"bin\/magento setup:upgrade"} [] []
[2026-04-07T18:17:29.562409+00:00] main.INFO: {"feed":"salesOrders","operation":"full reindex(legacy)","status":"Creating batch table `sales_data_exporter_orders_index_batches`. Start position: 0","elapsed":"00:00:00 887 ms","pid":"1099","caller":"bin\/magento setup:upgrade"} [] []
[2026-04-07T18:17:29.582519+00:00] main.INFO: {"feed":"salesOrders","operation":"full reindex(legacy)","status":"Batch table `sales_data_exporter_orders_index_batches` created. Total Items: 4, batches: ~0","elapsed":"00:00:00 907 ms","pid":"1099","caller":"bin\/magento setup:upgrade"} [] []
[2026-04-07T18:17:29.582804+00:00] main.INFO: {"feed":"salesOrders","operation":"full reindex(legacy)","status":"start processing `4` items in `1` threads with `100` batch size","elapsed":"00:00:00 907 ms","pid":"1099","caller":"bin\/magento setup:upgrade"} [] []
[2026-04-07T18:17:29.596485+00:00] main.INFO: {"feed":"salesOrders","operation":"full reindex(legacy)","status":"Progress 1\/1, processed 4, synced 0","elapsed":"00:00:00 921 ms","pid":"1099","caller":"bin\/magento setup:upgrade"} [] []
[2026-04-07T18:17:29.598112+00:00] main.INFO: {"feed":"salesOrders","operation":"full reindex(legacy)","status":"Complete","elapsed":"00:00:00 923 ms","pid":"1099","caller":"bin\/magento setup:upgrade"} [] []
[2026-04-07T18:17:29.608016+00:00] main.INFO: {"feed":"salesOrderStatuses","operation":"full reindex(legacy)","status":"Initialize","elapsed":"5 ms","pid":"1099","caller":"bin\/magento setup:upgrade"} [] []
[2026-04-07T18:17:29.624393+00:00] main.INFO: {"feed":"salesOrderStatuses","operation":"full reindex(legacy)","status":"Creating batch table `sales_data_exporter_order_statuses_index_batches`. Start position: ","elapsed":"21 ms","pid":"1099","caller":"bin\/magento setup:upgrade"} [] []
[2026-04-07T18:17:29.639218+00:00] main.INFO: {"feed":"salesOrderStatuses","operation":"full reindex(legacy)","status":"Batch table `sales_data_exporter_order_statuses_index_batches` created. Total Items: 12, batches: ~0","elapsed":"36 ms","pid":"1099","caller":"bin\/magento setup:upgrade"} [] []
[2026-04-07T18:17:29.639492+00:00] main.INFO: {"feed":"salesOrderStatuses","operation":"full reindex(legacy)","status":"start processing `12` items in `1` threads with `100` batch size","elapsed":"36 ms","pid":"1099","caller":"bin\/magento setup:upgrade"} [] []
[2026-04-07T18:17:29.645996+00:00] main.INFO: {"feed":"salesOrderStatuses","operation":"full reindex(legacy)","status":"Progress 1\/1, processed 12, synced 12","elapsed":"43 ms","pid":"1099","caller":"bin\/magento setup:upgrade"} [] []
[2026-04-07T18:17:29.649384+00:00] main.INFO: {"feed":"salesOrderStatuses","operation":"full reindex(legacy)","status":"Complete","elapsed":"46 ms","pid":"1099","caller":"bin\/magento setup:upgrade"} [] []
[2026-04-07T18:17:29.660469+00:00] main.INFO: {"feed":"stores","operation":"full reindex(legacy)","status":"Initialize","elapsed":"110 ms","pid":"1099","caller":"bin\/magento setup:upgrade"} [] []
[2026-04-07T18:17:29.680604+00:00] main.INFO: {"feed":"stores","operation":"full reindex(legacy)","status":"Creating batch table `stores_data_exporter_index_batches`. Start position: 0","elapsed":"130 ms","pid":"1099","caller":"bin\/magento setup:upgrade"} [] []
[2026-04-07T18:17:29.693810+00:00] main.INFO: {"feed":"stores","operation":"full reindex(legacy)","status":"Batch table `stores_data_exporter_index_batches` created. Total Items: 1, batches: ~0","elapsed":"143 ms","pid":"1099","caller":"bin\/magento setup:upgrade"} [] []
[2026-04-07T18:17:29.693986+00:00] main.INFO: {"feed":"stores","operation":"full reindex(legacy)","status":"start processing `1` items in `1` threads with `100` batch size","elapsed":"143 ms","pid":"1099","caller":"bin\/magento setup:upgrade"} [] []
[2026-04-07T18:17:29.699806+00:00] main.INFO: {"feed":"stores","operation":"full reindex(legacy)","status":"Progress 1\/1, processed 1, synced 1","elapsed":"149 ms","pid":"1099","caller":"bin\/magento setup:upgrade"} [] []
[2026-04-07T18:17:29.701036+00:00] main.INFO: {"feed":"stores","operation":"full reindex(legacy)","status":"Complete","elapsed":"150 ms","pid":"1099","caller":"bin\/magento setup:upgrade"} [] []
[2026-04-07T19:10:47.239158+00:00] main.INFO: {"feed":"salesOrders","operation":"full reindex(legacy)","status":"Initialize","elapsed":"00:00:00 267 ms","pid":"1350","caller":"bin\/magento setup:upgrade"} [] []
[2026-04-07T19:10:47.275810+00:00] main.INFO: {"feed":"salesOrders","operation":"full reindex(legacy)","status":"Creating batch table `sales_data_exporter_orders_index_batches`. Start position: 0","elapsed":"00:00:00 304 ms","pid":"1350","caller":"bin\/magento setup:upgrade"} [] []
[2026-04-07T19:10:47.309894+00:00] main.INFO: {"feed":"salesOrders","operation":"full reindex(legacy)","status":"Batch table `sales_data_exporter_orders_index_batches` created. Total Items: 4, batches: ~0","elapsed":"00:00:00 338 ms","pid":"1350","caller":"bin\/magento setup:upgrade"} [] []
[2026-04-07T19:10:47.310466+00:00] main.INFO: {"feed":"salesOrders","operation":"full reindex(legacy)","status":"start processing `4` items in `1` threads with `100` batch size","elapsed":"00:00:00 338 ms","pid":"1350","caller":"bin\/magento setup:upgrade"} [] []
[2026-04-07T19:10:47.339983+00:00] main.INFO: {"feed":"salesOrders","operation":"full reindex(legacy)","status":"Progress 1\/1, processed 4, synced 0","elapsed":"00:00:00 368 ms","pid":"1350","caller":"bin\/magento setup:upgrade"} [] []
[2026-04-07T19:10:47.342325+00:00] main.INFO: {"feed":"salesOrders","operation":"full reindex(legacy)","status":"Complete","elapsed":"00:00:00 370 ms","pid":"1350","caller":"bin\/magento setup:upgrade"} [] []
[2026-04-07T19:10:47.356409+00:00] main.INFO: {"feed":"salesOrderStatuses","operation":"full reindex(legacy)","status":"Initialize","elapsed":"00:00:00 501 ms","pid":"1350","caller":"bin\/magento setup:upgrade"} [] []
[2026-04-07T19:10:47.381379+00:00] main.INFO: {"feed":"salesOrderStatuses","operation":"full reindex(legacy)","status":"Creating batch table `sales_data_exporter_order_statuses_index_batches`. Start position: ","elapsed":"00:00:00 526 ms","pid":"1350","caller":"bin\/magento setup:upgrade"} [] []
[2026-04-07T19:10:47.411229+00:00] main.INFO: {"feed":"salesOrderStatuses","operation":"full reindex(legacy)","status":"Batch table `sales_data_exporter_order_statuses_index_batches` created. Total Items: 12, batches: ~0","elapsed":"00:00:00 556 ms","pid":"1350","caller":"bin\/magento setup:upgrade"} [] []
[2026-04-07T19:10:47.411563+00:00] main.INFO: {"feed":"salesOrderStatuses","operation":"full reindex(legacy)","status":"start processing `12` items in `1` threads with `100` batch size","elapsed":"00:00:00 557 ms","pid":"1350","caller":"bin\/magento setup:upgrade"} [] []
[2026-04-07T19:10:47.419275+00:00] main.INFO: {"feed":"salesOrderStatuses","operation":"full reindex(legacy)","status":"Progress 1\/1, processed 12, synced 12","elapsed":"00:00:00 564 ms","pid":"1350","caller":"bin\/magento setup:upgrade"} [] []
[2026-04-07T19:10:47.421110+00:00] main.INFO: {"feed":"salesOrderStatuses","operation":"full reindex(legacy)","status":"Complete","elapsed":"00:00:00 566 ms","pid":"1350","caller":"bin\/magento setup:upgrade"} [] []
[2026-04-07T19:10:47.437468+00:00] main.INFO: {"feed":"stores","operation":"full reindex(legacy)","status":"Initialize","elapsed":"00:00:00 664 ms","pid":"1350","caller":"bin\/magento setup:upgrade"} [] []
[2026-04-07T19:10:47.471537+00:00] main.INFO: {"feed":"stores","operation":"full reindex(legacy)","status":"Creating batch table `stores_data_exporter_index_batches`. Start position: 0","elapsed":"00:00:00 698 ms","pid":"1350","caller":"bin\/magento setup:upgrade"} [] []
[2026-04-07T19:10:47.495297+00:00] main.INFO: {"feed":"stores","operation":"full reindex(legacy)","status":"Batch table `stores_data_exporter_index_batches` created. Total Items: 1, batches: ~0","elapsed":"00:00:00 721 ms","pid":"1350","caller":"bin\/magento setup:upgrade"} [] []
[2026-04-07T19:10:47.495613+00:00] main.INFO: {"feed":"stores","operation":"full reindex(legacy)","status":"start processing `1` items in `1` threads with `100` batch size","elapsed":"00:00:00 722 ms","pid":"1350","caller":"bin\/magento setup:upgrade"} [] []
[2026-04-07T19:10:47.502975+00:00] main.INFO: {"feed":"stores","operation":"full reindex(legacy)","status":"Progress 1\/1, processed 1, synced 1","elapsed":"00:00:00 729 ms","pid":"1350","caller":"bin\/magento setup:upgrade"} [] []
[2026-04-07T19:10:47.504775+00:00] main.INFO: {"feed":"stores","operation":"full reindex(legacy)","status":"Complete","elapsed":"00:00:00 731 ms","pid":"1350","caller":"bin\/magento setup:upgrade"} [] []
[2026-04-08T03:29:40.988884+00:00] main.INFO: {"feed":"salesOrders","operation":"full reindex(legacy)","status":"Initialize","elapsed":"00:00:00 920 ms","pid":"134","caller":"bin\/magento setup:upgrade"} [] []
[2026-04-08T03:29:41.016602+00:00] main.INFO: {"feed":"salesOrders","operation":"full reindex(legacy)","status":"Creating batch table `sales_data_exporter_orders_index_batches`. Start position: 0","elapsed":"00:00:00 948 ms","pid":"134","caller":"bin\/magento setup:upgrade"} [] []
[2026-04-08T03:29:41.033592+00:00] main.INFO: {"feed":"salesOrders","operation":"full reindex(legacy)","status":"Batch table `sales_data_exporter_orders_index_batches` created. Total Items: 4, batches: ~0","elapsed":"00:00:01 965 ms","pid":"134","caller":"bin\/magento setup:upgrade"} [] []
[2026-04-08T03:29:41.033837+00:00] main.INFO: {"feed":"salesOrders","operation":"full reindex(legacy)","status":"start processing `4` items in `1` threads with `100` batch size","elapsed":"00:00:01 965 ms","pid":"134","caller":"bin\/magento setup:upgrade"} [] []
[2026-04-08T03:29:41.055404+00:00] main.INFO: {"feed":"salesOrders","operation":"full reindex(legacy)","status":"Progress 1\/1, processed 4, synced 0","elapsed":"00:00:01 987 ms","pid":"134","caller":"bin\/magento setup:upgrade"} [] []
[2026-04-08T03:29:41.056953+00:00] main.INFO: {"feed":"salesOrders","operation":"full reindex(legacy)","status":"Complete","elapsed":"00:00:01 989 ms","pid":"134","caller":"bin\/magento setup:upgrade"} [] []
[2026-04-08T03:29:41.068646+00:00] main.INFO: {"feed":"salesOrderStatuses","operation":"full reindex(legacy)","status":"Initialize","elapsed":"80 ms","pid":"134","caller":"bin\/magento setup:upgrade"} [] []
[2026-04-08T03:29:41.087817+00:00] main.INFO: {"feed":"salesOrderStatuses","operation":"full reindex(legacy)","status":"Creating batch table `sales_data_exporter_order_statuses_index_batches`. Start position: ","elapsed":"99 ms","pid":"134","caller":"bin\/magento setup:upgrade"} [] []
[2026-04-08T03:29:41.103763+00:00] main.INFO: {"feed":"salesOrderStatuses","operation":"full reindex(legacy)","status":"Batch table `sales_data_exporter_order_statuses_index_batches` created. Total Items: 12, batches: ~0","elapsed":"115 ms","pid":"134","caller":"bin\/magento setup:upgrade"} [] []
[2026-04-08T03:29:41.103912+00:00] main.INFO: {"feed":"salesOrderStatuses","operation":"full reindex(legacy)","status":"start processing `12` items in `1` threads with `100` batch size","elapsed":"115 ms","pid":"134","caller":"bin\/magento setup:upgrade"} [] []
[2026-04-08T03:29:41.109667+00:00] main.INFO: {"feed":"salesOrderStatuses","operation":"full reindex(legacy)","status":"Progress 1\/1, processed 12, synced 12","elapsed":"121 ms","pid":"134","caller":"bin\/magento setup:upgrade"} [] []
[2026-04-08T03:29:41.111326+00:00] main.INFO: {"feed":"salesOrderStatuses","operation":"full reindex(legacy)","status":"Complete","elapsed":"123 ms","pid":"134","caller":"bin\/magento setup:upgrade"} [] []
[2026-04-08T03:29:41.119483+00:00] main.INFO: {"feed":"stores","operation":"full reindex(legacy)","status":"Initialize","elapsed":"182 ms","pid":"134","caller":"bin\/magento setup:upgrade"} [] []
[2026-04-08T03:29:41.135483+00:00] main.INFO: {"feed":"stores","operation":"full reindex(legacy)","status":"Creating batch table `stores_data_exporter_index_batches`. Start position: 0","elapsed":"198 ms","pid":"134","caller":"bin\/magento setup:upgrade"} [] []
[2026-04-08T03:29:41.149044+00:00] main.INFO: {"feed":"stores","operation":"full reindex(legacy)","status":"Batch table `stores_data_exporter_index_batches` created. Total Items: 1, batches: ~0","elapsed":"211 ms","pid":"134","caller":"bin\/magento setup:upgrade"} [] []
[2026-04-08T03:29:41.149249+00:00] main.INFO: {"feed":"stores","operation":"full reindex(legacy)","status":"start processing `1` items in `1` threads with `100` batch size","elapsed":"211 ms","pid":"134","caller":"bin\/magento setup:upgrade"} [] []
[2026-04-08T03:29:41.153823+00:00] main.INFO: {"feed":"stores","operation":"full reindex(legacy)","status":"Progress 1\/1, processed 1, synced 1","elapsed":"216 ms","pid":"134","caller":"bin\/magento setup:upgrade"} [] []
[2026-04-08T03:29:41.155015+00:00] main.INFO: {"feed":"stores","operation":"full reindex(legacy)","status":"Complete","elapsed":"217 ms","pid":"134","caller":"bin\/magento setup:upgrade"} [] []
[2026-04-08T17:36:34.149024+00:00] main.NOTICE: {"feed":"undefined","operation":"undefined","status":"Update on Save (realtime) is not allowed for this indexer: Sales Order Feed","elapsed":"1 ms","pid":"315","caller":"app"} [] []
[2026-04-08T17:36:34.150456+00:00] main.NOTICE: {"feed":"undefined","operation":"undefined","status":"Update on Save (realtime) is not allowed for this indexer: Sales Order Statuses Feed","elapsed":"3 ms","pid":"315","caller":"app"} [] []
[2026-04-08T17:36:34.151002+00:00] main.NOTICE: {"feed":"undefined","operation":"undefined","status":"Update on Save (realtime) is not allowed for this indexer: Stores Feed","elapsed":"3 ms","pid":"315","caller":"app"} [] []
